Vivado Simulator 2017.1
Copyright 1986-1999, 2001-2016 Xilinx, Inc. All Rights Reserved.
Running: C:/Xilinx/Vivado/2017.1/bin/unwrapped/win64.o/xelab.exe -wto d5f7fc9a3a2046a0b35530570d8d590d --debug typical --relax --mt 2 -L xil_defaultlib -L unisims_ver -L unimacro_ver -L secureip -L xpm --snapshot Test_Usb_Command_behav xil_defaultlib.Test_Usb_Command xil_defaultlib.glbl -log elaborate.log 
Using 2 slave threads.
Starting static elaboration
Completed static elaboration
Starting simulation data flow analysis
Completed simulation data flow analysis
Time Resolution for simulation is 1ps
Compiling module xil_defaultlib.Cmd_Boolean_Set(EFFECT_1_CMD=16'...
Compiling module xil_defaultlib.Cmd_Set_N_Bits_Value(LENGTH_CMD=...
Compiling module xil_defaultlib.Cmd_Boolean_Set(EFFECT_1_CMD=16'...
Compiling module xil_defaultlib.Cmd_Boolean_Set(EFFECT_1_CMD=16'...
Compiling module xil_defaultlib.Cmd_Boolean_Set(EFFECT_1_CMD=16'...
Compiling module xil_defaultlib.Cmd_Boolean_Set(EFFECT_1_CMD=16'...
Compiling module xil_defaultlib.Cmd_Boolean_Set(EFFECT_1_CMD=16'...
Compiling module xil_defaultlib.Cmd_Boolean_Set(EFFECT_1_CMD=16'...
Compiling module xil_defaultlib.Cmd_Boolean_Set(EFFECT_1_CMD=16'...
Compiling module xil_defaultlib.Cmd_Boolean_Set(EFFECT_1_CMD=16'...
Compiling module xil_defaultlib.Cmd_Boolean_Set(EFFECT_1_CMD=16'...
Compiling module xil_defaultlib.Cmd_Set_N_Bits_Value(EFFECT_CMD=...
Compiling module xil_defaultlib.Cmd_Rising_N_Clock(EFFECT_CMD=16...
Compiling module xil_defaultlib.Cmd_Rising_N_Clock(EFFECT_CMD=16...
Compiling module xil_defaultlib.Cmd_Rising_N_Clock(EFFECT_CMD=16...
Compiling module xil_defaultlib.Cmd_Rising_N_Clock(EFFECT_CMD=16...
Compiling module xil_defaultlib.Cmd_Rising_N_Clock(EFFECT_CMD=16...
Compiling module xil_defaultlib.Cmd_Rising_N_Clock(EFFECT_CMD=16...
Compiling module xil_defaultlib.Cmd_Boolean_Set(EFFECT_1_CMD=16'...
Compiling module xil_defaultlib.Cmd_Set_N_Bits_Value(LENGTH_CMD=...
Compiling module xil_defaultlib.Cmd_Set_N_Bits_Value(LENGTH_CMD=...
Compiling module xil_defaultlib.Cmd_Set_N_Bits_Value(LENGTH_CMD=...
Compiling module xil_defaultlib.Cmd_Set_N_Bits_Value(LENGTH_CMD=...
Compiling module xil_defaultlib.Cmd_Set_N_Bits_Value(LENGTH_CMD=...
Compiling module xil_defaultlib.Cmd_Set_N_Bits_Value(LENGTH_CMD=...
Compiling module xil_defaultlib.Cmd_Set_N_Bits_Value(EFFECT_CMD=...
Compiling module xil_defaultlib.Cmd_Set_N_Bits_Value(LENGTH_CMD=...
Compiling module xil_defaultlib.Cmd_Boolean_Set(EFFECT_1_CMD=16'...
Compiling module xil_defaultlib.Cmd_Boolean_Set(EFFECT_1_CMD=16'...
Compiling module xil_defaultlib.Cmd_Boolean_Set(EFFECT_1_CMD=16'...
Compiling module xil_defaultlib.Cmd_Boolean_Set(EFFECT_1_CMD=16'...
Compiling module xil_defaultlib.Cmd_Boolean_Set(EFFECT_1_CMD=16'...
Compiling module xil_defaultlib.Cmd_Boolean_Set(EFFECT_1_CMD=16'...
Compiling module xil_defaultlib.Cmd_Boolean_Set(EFFECT_1_CMD=16'...
Compiling module xil_defaultlib.Cmd_Rising_N_Clock(EFFECT_CMD=16...
Compiling module xil_defaultlib.Cmd_Rising_N_Clock(EFFECT_CMD=16...
Compiling module xil_defaultlib.Cmd_Rising_N_Clock(EFFECT_CMD=16...
Compiling module xil_defaultlib.usb_command_interpreter
Compiling module xil_defaultlib.Test_Usb_Command
Compiling module xil_defaultlib.glbl
Built simulation snapshot Test_Usb_Command_behav
