
*** Running vivado
    with args -log Ex_Fifo.vds -m64 -product Vivado -mode batch -messageDb vivado.pb -notrace -source Ex_Fifo.tcl


****** Vivado v2017.1 (64-bit)
  **** SW Build 1846317 on Fri Apr 14 18:55:03 MDT 2017
  **** IP Build 1846188 on Fri Apr 14 20:52:08 MDT 2017
    ** Copyright 1986-2017 Xilinx, Inc. All Rights Reserved.

source Ex_Fifo.tcl -notrace
Starting RTL Elaboration : Time (s): cpu = 00:00:06 ; elapsed = 00:00:06 . Memory (MB): peak = 366.117 ; gain = 83.551
INFO: [Synth 8-638] synthesizing module 'Ex_Fifo' [e:/Work_File/CEPC/Logic/DIF-Logic/ECAL_DIF/ECAL_DIF.srcs/sources_1/ip/Ex_Fifo/synth/Ex_Fifo.vhd:72]
INFO: [Synth 8-256] done synthesizing module 'Ex_Fifo' (25#1) [e:/Work_File/CEPC/Logic/DIF-Logic/ECAL_DIF/ECAL_DIF.srcs/sources_1/ip/Ex_Fifo/synth/Ex_Fifo.vhd:72]
Finished RTL Elaboration : Time (s): cpu = 00:00:52 ; elapsed = 00:00:53 . Memory (MB): peak = 584.949 ; gain = 302.383
Finished RTL Optimization Phase 1 : Time (s): cpu = 00:00:52 ; elapsed = 00:00:53 . Memory (MB): peak = 584.949 ; gain = 302.383
INFO: [Device 21-403] Loading part xc7a100tfgg484-2
Constraint Validation Runtime : Time (s): cpu = 00:00:00 ; elapsed = 00:00:00.050 . Memory (MB): peak = 655.945 ; gain = 0.000
Finished Constraint Validation : Time (s): cpu = 00:01:03 ; elapsed = 00:01:05 . Memory (MB): peak = 655.945 ; gain = 373.379
Finished Loading Part and Timing Information : Time (s): cpu = 00:01:03 ; elapsed = 00:01:05 . Memory (MB): peak = 655.945 ; gain = 373.379
Finished applying 'set_property' XDC Constraints : Time (s): cpu = 00:01:03 ; elapsed = 00:01:05 . Memory (MB): peak = 655.945 ; gain = 373.379
Finished RTL Optimization Phase 2 : Time (s): cpu = 00:01:04 ; elapsed = 00:01:06 . Memory (MB): peak = 655.945 ; gain = 373.379
Finished Cross Boundary and Area Optimization : Time (s): cpu = 00:01:04 ; elapsed = 00:01:07 . Memory (MB): peak = 655.945 ; gain = 373.379
Finished Applying XDC Timing Constraints : Time (s): cpu = 00:01:14 ; elapsed = 00:01:17 . Memory (MB): peak = 680.078 ; gain = 397.512
Finished Timing Optimization : Time (s): cpu = 00:01:14 ; elapsed = 00:01:17 . Memory (MB): peak = 689.219 ; gain = 406.652
Finished Technology Mapping : Time (s): cpu = 00:01:15 ; elapsed = 00:01:17 . Memory (MB): peak = 700.367 ; gain = 417.801
Finished IO Insertion : Time (s): cpu = 00:01:15 ; elapsed = 00:01:18 . Memory (MB): peak = 700.367 ; gain = 417.801
Finished Renaming Generated Instances : Time (s): cpu = 00:01:15 ; elapsed = 00:01:18 . Memory (MB): peak = 700.367 ; gain = 417.801
Finished Rebuilding User Hierarchy : Time (s): cpu = 00:01:15 ; elapsed = 00:01:18 . Memory (MB): peak = 700.367 ; gain = 417.801
Finished Renaming Generated Ports : Time (s): cpu = 00:01:15 ; elapsed = 00:01:18 . Memory (MB): peak = 700.367 ; gain = 417.801
Finished Handling Custom Attributes : Time (s): cpu = 00:01:15 ; elapsed = 00:01:18 . Memory (MB): peak = 700.367 ; gain = 417.801
Finished Renaming Generated Nets : Time (s): cpu = 00:01:15 ; elapsed = 00:01:18 . Memory (MB): peak = 700.367 ; gain = 417.801

Report Cell Usage: 
+------+---------+------+
|      |Cell     |Count |
+------+---------+------+
|1     |CARRY4   |     6|
|2     |LUT1     |    26|
|3     |LUT2     |     6|
|4     |LUT4     |    24|
|5     |LUT6     |     2|
|6     |MUXCY    |    24|
|7     |RAMB36E1 |     2|
|8     |FDCE     |    46|
|9     |FDPE     |    21|
|10    |FDRE     |     4|
+------+---------+------+
Finished Writing Synthesis Report : Time (s): cpu = 00:01:15 ; elapsed = 00:01:18 . Memory (MB): peak = 700.367 ; gain = 417.801
synth_design: Time (s): cpu = 00:01:17 ; elapsed = 00:01:20 . Memory (MB): peak = 703.754 ; gain = 423.711
