Copyright 1986-2017 Xilinx, Inc. All Rights Reserved.
---------------------------------------------------------------------------------------
| Tool Version : Vivado v.2017.1 (win64) Build 1846317 Fri Apr 14 18:55:03 MDT 2017
| Date         : Tue Oct 31 11:06:39 2017
| Host         : Msy-PC running 64-bit Service Pack 1  (build 7601)
| Command      : report_clock_utilization -file Top_Level_clock_utilization_routed.rpt
| Design       : Top_Level
| Device       : 7a100t-fgg484
| Speed File   : -2  PRODUCTION 1.16 2016-11-09
---------------------------------------------------------------------------------------

Clock Utilization Report

Table of Contents
-----------------
1. Clock Primitive Utilization
2. Global Clock Resources
3. Global Clock Source Details
4. Clock Regions: Key Resource Utilization
5. Clock Regions : Global Clock Summary
6. Device Cell Placement Summary for Global Clock g0
7. Device Cell Placement Summary for Global Clock g1
8. Device Cell Placement Summary for Global Clock g2
9. Device Cell Placement Summary for Global Clock g3
10. Device Cell Placement Summary for Global Clock g4
11. Device Cell Placement Summary for Global Clock g5
12. Clock Region Cell Placement per Global Clock: Region X0Y0
13. Clock Region Cell Placement per Global Clock: Region X1Y0
14. Clock Region Cell Placement per Global Clock: Region X0Y1
15. Clock Region Cell Placement per Global Clock: Region X1Y1
16. Clock Region Cell Placement per Global Clock: Region X0Y2
17. Clock Region Cell Placement per Global Clock: Region X1Y2

1. Clock Primitive Utilization
------------------------------

+----------+------+-----------+-----+--------------+--------+
| Type     | Used | Available | LOC | Clock Region | Pblock |
+----------+------+-----------+-----+--------------+--------+
| BUFGCTRL |    6 |        32 |   0 |            0 |      0 |
| BUFH     |    0 |        96 |   0 |            0 |      0 |
| BUFIO    |    0 |        24 |   0 |            0 |      0 |
| BUFMR    |    0 |        12 |   0 |            0 |      0 |
| BUFR     |    0 |        24 |   0 |            0 |      0 |
| MMCM     |    0 |         6 |   0 |            0 |      0 |
| PLL      |    1 |         6 |   0 |            0 |      0 |
+----------+------+-----------+-----+--------------+--------+


2. Global Clock Resources
-------------------------

+-----------+-----------+-----------------+------------+---------------+--------------+-------------------+-------------+-----------------+--------------+------------------+----------------------------------------------------------------+---------------------------------------------------------+
| Global Id | Source Id | Driver Type/Pin | Constraint | Site          | Clock Region | Load Clock Region | Clock Loads | Non-Clock Loads | Clock Period | Clock            | Driver Pin                                                     | Net                                                     |
+-----------+-----------+-----------------+------------+---------------+--------------+-------------------+-------------+-----------------+--------------+------------------+----------------------------------------------------------------+---------------------------------------------------------+
| g0        | src0      | BUFG/O          | None       | BUFGCTRL_X0Y0 | n/a          |                 6 |        3676 |               2 |      100.000 | clk_out2_PLL_40M | PLL_40M_Inst/inst/clkout2_buf/O                                | PLL_40M_Inst/inst/clk_out2                              |
| g1        | src1      | BUFG/O          | None       | BUFGCTRL_X0Y2 | n/a          |                 4 |         975 |               0 |       12.500 | Clk_In           | BUFG_inst/O                                                    | Clk_Out_2_All                                           |
| g2        | src2      | BUFG/O          | None       | BUFGCTRL_X0Y3 | n/a          |                 1 |         108 |               0 |      100.000 | Multiple         | Auto_TA_Scan_Inst/SKIROC_Auto_TA_Inst_Chip4/wr_clk_BUFG_inst/O | Auto_TA_Scan_Inst/SKIROC_Auto_TA_Inst_Chip4/wr_clk_BUFG |
| g3        | src0      | BUFG/O          | None       | BUFGCTRL_X0Y1 | n/a          |                 3 |          45 |               2 |       25.000 | clk_out1_PLL_40M | PLL_40M_Inst/inst/clkout1_buf/O                                | PLL_40M_Inst/inst/clk_out1                              |
| g4        | src0      | BUFG/O          | None       | BUFGCTRL_X0Y5 | n/a          |                 1 |           1 |               0 |       25.000 | clkfbout_PLL_40M | PLL_40M_Inst/inst/clkf_buf/O                                   | PLL_40M_Inst/inst/clkfbout_buf_PLL_40M                  |
| g5        | src3      | BUFG/O          | None       | BUFGCTRL_X0Y4 | n/a          |                 2 |           1 |              40 |              |                  | n_0_4536_BUFG_inst/O                                           | n_0_4536_BUFG                                           |
+-----------+-----------+-----------------+------------+---------------+--------------+-------------------+-------------+-----------------+--------------+------------------+----------------------------------------------------------------+---------------------------------------------------------+
* Clock Loads column represents the clock pin loads (pin count)
** Non-Clock Loads column represents the non-clock pin loads (pin count)


3. Global Clock Source Details
------------------------------

+-----------+-----------+--------------------+------------+----------------+--------------+-------------+-----------------+---------------------+------------------+-----------------------------------------------------------------------------+---------------------------------------------------------------------------+
| Source Id | Global Id | Driver Type/Pin    | Constraint | Site           | Clock Region | Clock Loads | Non-Clock Loads | Source Clock Period | Source Clock     | Driver Pin                                                                  | Net                                                                       |
+-----------+-----------+--------------------+------------+----------------+--------------+-------------+-----------------+---------------------+------------------+-----------------------------------------------------------------------------+---------------------------------------------------------------------------+
| src0      | g3        | PLLE2_ADV/CLKOUT0  | None       | PLLE2_ADV_X0Y0 | X0Y0         |           1 |               0 |              25.000 | clk_out1_PLL_40M | PLL_40M_Inst/inst/plle2_adv_inst/CLKOUT0                                    | PLL_40M_Inst/inst/clk_out1_PLL_40M                                        |
| src0      | g0        | PLLE2_ADV/CLKOUT1  | None       | PLLE2_ADV_X0Y0 | X0Y0         |           1 |               0 |             100.000 | clk_out2_PLL_40M | PLL_40M_Inst/inst/plle2_adv_inst/CLKOUT1                                    | PLL_40M_Inst/inst/clk_out2_PLL_40M                                        |
| src0      | g4        | PLLE2_ADV/CLKFBOUT | None       | PLLE2_ADV_X0Y0 | X0Y0         |           1 |               0 |              25.000 | clkfbout_PLL_40M | PLL_40M_Inst/inst/plle2_adv_inst/CLKFBOUT                                   | PLL_40M_Inst/inst/clkfbout_PLL_40M                                        |
| src1      | g1        | IBUF/O             | IOB_X0Y78  | IOB_X0Y78      | X0Y1         |           1 |               0 |              12.500 | Clk_In           | Clk_In_IBUF_inst/O                                                          | Clk_In_IBUF                                                               |
| src2      | g2        | LUT6/O             | None       | SLICE_X52Y96   | X1Y1         |           1 |               0 |             100.000 | Multiple         | Auto_TA_Scan_Inst/SKIROC_Auto_TA_Inst_Chip4/Ex_Fifo_Insst_i_1/O             | Auto_TA_Scan_Inst/SKIROC_Auto_TA_Inst_Chip4/wr_clk                        |
| src3      | g5        | LUT2/O             | None       | SLICE_X47Y96   | X0Y1         |           1 |               0 |                     |                  | usb_command_interpreter_Inst/Cmd_Out_Sel_Work_Mode/n_0_4536_BUFG_inst_i_1/O | usb_command_interpreter_Inst/Cmd_Out_Sel_Work_Mode/n_0_4536_BUFG_inst_n_1 |
+-----------+-----------+--------------------+------------+----------------+--------------+-------------+-----------------+---------------------+------------------+-----------------------------------------------------------------------------+---------------------------------------------------------------------------+
* Clock Loads column represents the clock pin loads (pin count)
** Non-Clock Loads column represents the non-clock pin loads (pin count)


4. Clock Regions: Key Resource Utilization
------------------------------------------

+-------------------+--------------+--------------+--------------+--------------+--------------+--------------+--------------+--------------+--------------+--------------+--------------+--------------+--------------+--------------+--------------+
|                   | Global Clock |     BUFRs    |    BUFMRs    |    BUFIOs    |     MMCM     |      PLL     |      GT      |      PCI     |    ILOGIC    |    OLOGIC    |      FF      |     LUTM     |    RAMB18    |    RAMB36    |    DSP48E2   |
+-------------------+------+-------+------+-------+------+-------+------+-------+------+-------+------+-------+------+-------+------+-------+------+-------+------+-------+------+-------+------+-------+------+-------+------+-------+------+-------+
| Clock Region Name | Used | Avail | Used | Avail | Used | Avail | Used | Avail | Used | Avail | Used | Avail | Used | Avail | Used | Avail | Used | Avail | Used | Avail | Used | Avail | Used | Avail | Used | Avail | Used | Avail | Used | Avail |
+-------------------+------+-------+------+-------+------+-------+------+-------+------+-------+------+-------+------+-------+------+-------+------+-------+------+-------+------+-------+------+-------+------+-------+------+-------+------+-------+
| X0Y0              |    3 |    12 |    0 |     4 |    0 |     2 |    0 |     4 |    0 |     1 |    1 |     1 |    0 |     0 |    0 |     0 |    0 |    50 |    0 |    50 |  261 |  2600 |   73 |   600 |    0 |    20 |    0 |    10 |    0 |    20 |
| X1Y0              |    1 |    12 |    0 |     0 |    0 |     0 |    0 |     0 |    0 |     0 |    0 |     0 |    0 |     4 |    0 |     0 |    0 |     0 |    0 |     0 |   31 |  1500 |   11 |   550 |    0 |    40 |    0 |    20 |    0 |    40 |
| X0Y1              |    5 |    12 |    0 |     4 |    0 |     2 |    0 |     4 |    0 |     1 |    0 |     1 |    0 |     0 |    0 |     0 |    0 |    50 |    0 |    50 | 3138 |  2000 | 1018 |   600 |    0 |    20 |    4 |    10 |    0 |    20 |
| X1Y1              |    3 |    12 |    0 |     4 |    0 |     2 |    0 |     4 |    0 |     1 |    0 |     1 |    0 |     0 |    0 |     0 |    0 |    50 |    0 |    50 |  929 |  1900 |  363 |   650 |    0 |    60 |    0 |    30 |    0 |    40 |
| X0Y2              |    3 |    12 |    0 |     4 |    0 |     2 |    0 |     4 |    0 |     1 |    0 |     1 |    0 |     0 |    0 |     0 |    0 |    50 |    0 |    50 |  432 |  2000 |  113 |   600 |    0 |    20 |    0 |    10 |    0 |    20 |
| X1Y2              |    2 |    12 |    0 |     4 |    0 |     2 |    0 |     4 |    0 |     1 |    0 |     1 |    0 |     0 |    0 |     0 |    0 |    50 |    2 |    50 |    0 |  1900 |    0 |   650 |    0 |    60 |    0 |    30 |    0 |    40 |
| X0Y3              |    0 |    12 |    0 |     4 |    0 |     2 |    0 |     4 |    0 |     1 |    0 |     1 |    0 |     0 |    0 |     0 |    0 |    50 |    0 |    50 |    0 |  2600 |    0 |   600 |    0 |    20 |    0 |    10 |    0 |    20 |
| X1Y3              |    0 |    12 |    0 |     0 |    0 |     0 |    0 |     0 |    0 |     0 |    0 |     0 |    0 |     4 |    0 |     1 |    0 |     0 |    0 |     0 |    0 |  1350 |    0 |   500 |    0 |    30 |    0 |    15 |    0 |    40 |
+-------------------+------+-------+------+-------+------+-------+------+-------+------+-------+------+-------+------+-------+------+-------+------+-------+------+-------+------+-------+------+-------+------+-------+------+-------+------+-------+
* Global Clock column represents track count; while other columns represents cell counts


5. Clock Regions : Global Clock Summary
---------------------------------------

+----+----+----+
|    | X0 | X1 |
+----+----+----+
| Y3 |  0 |  0 |
| Y2 |  3 |  2 |
| Y1 |  5 |  3 |
| Y0 |  3 |  1 |
+----+----+----+


6. Device Cell Placement Summary for Global Clock g0
----------------------------------------------------

+-----------+-----------------+-------------------+------------------+-------------+----------------+-------------+----------+----------------+----------+----------------------------+
| Global Id | Driver Type/Pin | Driver Region (D) | Clock            | Period (ns) | Waveform (ns)  | Slice Loads | IO Loads | Clocking Loads | GT Loads | Net                        |
+-----------+-----------------+-------------------+------------------+-------------+----------------+-------------+----------+----------------+----------+----------------------------+
| g0        | BUFG/O          | n/a               | clk_out2_PLL_40M |     100.000 | {0.000 50.000} |        3677 |        0 |              0 |        0 | PLL_40M_Inst/inst/clk_out2 |
+-----------+-----------------+-------------------+------------------+-------------+----------------+-------------+----------+----------------+----------+----------------------------+
* Logic Loads column represents load cell count of all cell types other than IO, GT and clock resources
** IO Loads column represents load cell count of IO types
*** Clocking Loads column represents load cell count that are clock resources (global clock buffer, MMCM, PLL, etc)
**** GT Loads column represents load cell count of GT types


+----+-------+------+
|    | X0    | X1   |
+----+-------+------+
| Y3 |     0 |    0 |
| Y2 |   245 |    1 |
| Y1 |  2337 |  802 |
| Y0 |   261 |   31 |
+----+-------+------+


7. Device Cell Placement Summary for Global Clock g1
----------------------------------------------------

+-----------+-----------------+-------------------+--------+-------------+---------------+-------------+----------+----------------+----------+---------------+
| Global Id | Driver Type/Pin | Driver Region (D) | Clock  | Period (ns) | Waveform (ns) | Slice Loads | IO Loads | Clocking Loads | GT Loads | Net           |
+-----------+-----------------+-------------------+--------+-------------+---------------+-------------+----------+----------------+----------+---------------+
| g1        | BUFG/O          | n/a               | Clk_In |      12.500 | {0.000 6.250} |         974 |        0 |              1 |        0 | Clk_Out_2_All |
+-----------+-----------------+-------------------+--------+-------------+---------------+-------------+----------+----------------+----------+---------------+
* Logic Loads column represents load cell count of all cell types other than IO, GT and clock resources
** IO Loads column represents load cell count of IO types
*** Clocking Loads column represents load cell count that are clock resources (global clock buffer, MMCM, PLL, etc)
**** GT Loads column represents load cell count of GT types


+----+------+------+
|    | X0   | X1   |
+----+------+------+
| Y3 |    0 |    0 |
| Y2 |  187 |    0 |
| Y1 |  658 |  129 |
| Y0 |    1 |    0 |
+----+------+------+


8. Device Cell Placement Summary for Global Clock g2
----------------------------------------------------

+-----------+-----------------+-------------------+----------+-------------+----------------+-------------+----------+----------------+----------+---------------------------------------------------------+
| Global Id | Driver Type/Pin | Driver Region (D) | Clock    | Period (ns) | Waveform (ns)  | Slice Loads | IO Loads | Clocking Loads | GT Loads | Net                                                     |
+-----------+-----------------+-------------------+----------+-------------+----------------+-------------+----------+----------------+----------+---------------------------------------------------------+
| g2        | BUFG/O          | n/a               | Multiple |     100.000 | {0.000 50.000} |         108 |        0 |              0 |        0 | Auto_TA_Scan_Inst/SKIROC_Auto_TA_Inst_Chip4/wr_clk_BUFG |
+-----------+-----------------+-------------------+----------+-------------+----------------+-------------+----------+----------------+----------+---------------------------------------------------------+
* Logic Loads column represents load cell count of all cell types other than IO, GT and clock resources
** IO Loads column represents load cell count of IO types
*** Clocking Loads column represents load cell count that are clock resources (global clock buffer, MMCM, PLL, etc)
**** GT Loads column represents load cell count of GT types


+----+------+----+
|    | X0   | X1 |
+----+------+----+
| Y3 |    0 |  0 |
| Y2 |    0 |  0 |
| Y1 |  108 |  0 |
| Y0 |    0 |  0 |
+----+------+----+


9. Device Cell Placement Summary for Global Clock g3
----------------------------------------------------

+-----------+-----------------+-------------------+------------------+-------------+----------------+-------------+----------+----------------+----------+----------------------------+
| Global Id | Driver Type/Pin | Driver Region (D) | Clock            | Period (ns) | Waveform (ns)  | Slice Loads | IO Loads | Clocking Loads | GT Loads | Net                        |
+-----------+-----------------+-------------------+------------------+-------------+----------------+-------------+----------+----------------+----------+----------------------------+
| g3        | BUFG/O          | n/a               | clk_out1_PLL_40M |      25.000 | {0.000 12.500} |          46 |        1 |              0 |        0 | PLL_40M_Inst/inst/clk_out1 |
+-----------+-----------------+-------------------+------------------+-------------+----------------+-------------+----------+----------------+----------+----------------------------+
* Logic Loads column represents load cell count of all cell types other than IO, GT and clock resources
** IO Loads column represents load cell count of IO types
*** Clocking Loads column represents load cell count that are clock resources (global clock buffer, MMCM, PLL, etc)
**** GT Loads column represents load cell count of GT types


+----+-----+----+
|    | X0  | X1 |
+----+-----+----+
| Y3 |   0 |  0 |
| Y2 |   0 |  1 |
| Y1 |  44 |  2 |
| Y0 |   0 |  0 |
+----+-----+----+


10. Device Cell Placement Summary for Global Clock g4
-----------------------------------------------------

+-----------+-----------------+-------------------+------------------+-------------+----------------+-------------+----------+----------------+----------+----------------------------------------+
| Global Id | Driver Type/Pin | Driver Region (D) | Clock            | Period (ns) | Waveform (ns)  | Slice Loads | IO Loads | Clocking Loads | GT Loads | Net                                    |
+-----------+-----------------+-------------------+------------------+-------------+----------------+-------------+----------+----------------+----------+----------------------------------------+
| g4        | BUFG/O          | n/a               | clkfbout_PLL_40M |      25.000 | {0.000 12.500} |           0 |        0 |              1 |        0 | PLL_40M_Inst/inst/clkfbout_buf_PLL_40M |
+-----------+-----------------+-------------------+------------------+-------------+----------------+-------------+----------+----------------+----------+----------------------------------------+
* Logic Loads column represents load cell count of all cell types other than IO, GT and clock resources
** IO Loads column represents load cell count of IO types
*** Clocking Loads column represents load cell count that are clock resources (global clock buffer, MMCM, PLL, etc)
**** GT Loads column represents load cell count of GT types


+----+----+----+
|    | X0 | X1 |
+----+----+----+
| Y3 |  0 |  0 |
| Y2 |  0 |  0 |
| Y1 |  0 |  0 |
| Y0 |  1 |  0 |
+----+----+----+


11. Device Cell Placement Summary for Global Clock g5
-----------------------------------------------------

+-----------+-----------------+-------------------+-------+-------------+---------------+-------------+----------+----------------+----------+---------------+
| Global Id | Driver Type/Pin | Driver Region (D) | Clock | Period (ns) | Waveform (ns) | Slice Loads | IO Loads | Clocking Loads | GT Loads | Net           |
+-----------+-----------------+-------------------+-------+-------------+---------------+-------------+----------+----------------+----------+---------------+
| g5        | BUFG/O          | n/a               |       |             |               |          41 |        0 |              0 |        0 | n_0_4536_BUFG |
+-----------+-----------------+-------------------+-------+-------------+---------------+-------------+----------+----------------+----------+---------------+
* Logic Loads column represents load cell count of all cell types other than IO, GT and clock resources
** IO Loads column represents load cell count of IO types
*** Clocking Loads column represents load cell count that are clock resources (global clock buffer, MMCM, PLL, etc)
**** GT Loads column represents load cell count of GT types


+----+-----+----+
|    | X0  | X1 |
+----+-----+----+
| Y3 |   0 |  0 |
| Y2 |   1 |  0 |
| Y1 |  40 |  0 |
| Y0 |   0 |  0 |
+----+-----+----+


12. Clock Region Cell Placement per Global Clock: Region X0Y0
-------------------------------------------------------------

+-----------+-------+-----------------+------------+-------------+-----------------+-----+--------+------+-----+----+------+-----+---------+----------------------------------------+
| Global Id | Track | Driver Type/Pin | Constraint | Clock Loads | Non-Clock Loads | FF  | LUTRAM | RAMB | DSP | GT | MMCM | PLL | Hard IP | Net                                    |
+-----------+-------+-----------------+------------+-------------+-----------------+-----+--------+------+-----+----+------+-----+---------+----------------------------------------+
| g0        | n/a   | BUFG/O          | None       |         261 |               0 | 261 |      0 |    0 |   0 |  0 |    0 |   0 |       0 | PLL_40M_Inst/inst/clk_out2             |
| g1        | n/a   | BUFG/O          | None       |           1 |               0 |   0 |      0 |    0 |   0 |  0 |    0 |   1 |       0 | Clk_Out_2_All                          |
| g4        | n/a   | BUFG/O          | None       |           1 |               0 |   0 |      0 |    0 |   0 |  0 |    0 |   1 |       0 | PLL_40M_Inst/inst/clkfbout_buf_PLL_40M |
+-----------+-------+-----------------+------------+-------------+-----------------+-----+--------+------+-----+----+------+-----+---------+----------------------------------------+
* Clock Loads column represents the clock pin loads (pin count)
** Non-Clock Loads column represents the non-clock pin loads (pin count)
*** Columns FF, LUTRAM, RAMB through 'Hard IP' represents load cell counts


13. Clock Region Cell Placement per Global Clock: Region X1Y0
-------------------------------------------------------------

+-----------+-------+-----------------+------------+-------------+-----------------+----+--------+------+-----+----+------+-----+---------+----------------------------+
| Global Id | Track | Driver Type/Pin | Constraint | Clock Loads | Non-Clock Loads | FF | LUTRAM | RAMB | DSP | GT | MMCM | PLL | Hard IP | Net                        |
+-----------+-------+-----------------+------------+-------------+-----------------+----+--------+------+-----+----+------+-----+---------+----------------------------+
| g0        | n/a   | BUFG/O          | None       |          31 |               0 | 31 |      0 |    0 |   0 |  0 |    0 |   0 |       0 | PLL_40M_Inst/inst/clk_out2 |
+-----------+-------+-----------------+------------+-------------+-----------------+----+--------+------+-----+----+------+-----+---------+----------------------------+
* Clock Loads column represents the clock pin loads (pin count)
** Non-Clock Loads column represents the non-clock pin loads (pin count)
*** Columns FF, LUTRAM, RAMB through 'Hard IP' represents load cell counts


14. Clock Region Cell Placement per Global Clock: Region X0Y1
-------------------------------------------------------------

+-----------+-------+-----------------+------------+-------------+-----------------+------+--------+------+-----+----+------+-----+---------+---------------------------------------------------------+
| Global Id | Track | Driver Type/Pin | Constraint | Clock Loads | Non-Clock Loads | FF   | LUTRAM | RAMB | DSP | GT | MMCM | PLL | Hard IP | Net                                                     |
+-----------+-------+-----------------+------------+-------------+-----------------+------+--------+------+-----+----+------+-----+---------+---------------------------------------------------------+
| g0        | n/a   | BUFG/O          | None       |        2337 |               0 | 2336 |      0 |    0 |   0 |  0 |    0 |   0 |       0 | PLL_40M_Inst/inst/clk_out2                              |
| g1        | n/a   | BUFG/O          | None       |         658 |               0 |  654 |      0 |    4 |   0 |  0 |    0 |   0 |       0 | Clk_Out_2_All                                           |
| g2        | n/a   | BUFG/O          | None       |         108 |               0 |  104 |      0 |    4 |   0 |  0 |    0 |   0 |       0 | Auto_TA_Scan_Inst/SKIROC_Auto_TA_Inst_Chip4/wr_clk_BUFG |
| g3        | n/a   | BUFG/O          | None       |          44 |               0 |   44 |      0 |    0 |   0 |  0 |    0 |   0 |       0 | PLL_40M_Inst/inst/clk_out1                              |
| g5        | n/a   | BUFG/O          | None       |           0 |              40 |   40 |      0 |    0 |   0 |  0 |    0 |   0 |       0 | n_0_4536_BUFG                                           |
+-----------+-------+-----------------+------------+-------------+-----------------+------+--------+------+-----+----+------+-----+---------+---------------------------------------------------------+
* Clock Loads column represents the clock pin loads (pin count)
** Non-Clock Loads column represents the non-clock pin loads (pin count)
*** Columns FF, LUTRAM, RAMB through 'Hard IP' represents load cell counts


15. Clock Region Cell Placement per Global Clock: Region X1Y1
-------------------------------------------------------------

+-----------+-------+-----------------+------------+-------------+-----------------+-----+--------+------+-----+----+------+-----+---------+----------------------------+
| Global Id | Track | Driver Type/Pin | Constraint | Clock Loads | Non-Clock Loads | FF  | LUTRAM | RAMB | DSP | GT | MMCM | PLL | Hard IP | Net                        |
+-----------+-------+-----------------+------------+-------------+-----------------+-----+--------+------+-----+----+------+-----+---------+----------------------------+
| g0        | n/a   | BUFG/O          | None       |         800 |               2 | 800 |      0 |    0 |   0 |  0 |    0 |   0 |       0 | PLL_40M_Inst/inst/clk_out2 |
| g1        | n/a   | BUFG/O          | None       |         129 |               0 | 129 |      0 |    0 |   0 |  0 |    0 |   0 |       0 | Clk_Out_2_All              |
| g3        | n/a   | BUFG/O          | None       |           0 |               2 |   0 |      0 |    0 |   0 |  0 |    0 |   0 |       0 | PLL_40M_Inst/inst/clk_out1 |
+-----------+-------+-----------------+------------+-------------+-----------------+-----+--------+------+-----+----+------+-----+---------+----------------------------+
* Clock Loads column represents the clock pin loads (pin count)
** Non-Clock Loads column represents the non-clock pin loads (pin count)
*** Columns FF, LUTRAM, RAMB through 'Hard IP' represents load cell counts


16. Clock Region Cell Placement per Global Clock: Region X0Y2
-------------------------------------------------------------

+-----------+-------+-----------------+------------+-------------+-----------------+-----+--------+------+-----+----+------+-----+---------+----------------------------+
| Global Id | Track | Driver Type/Pin | Constraint | Clock Loads | Non-Clock Loads | FF  | LUTRAM | RAMB | DSP | GT | MMCM | PLL | Hard IP | Net                        |
+-----------+-------+-----------------+------------+-------------+-----------------+-----+--------+------+-----+----+------+-----+---------+----------------------------+
| g0        | n/a   | BUFG/O          | None       |         245 |               0 | 245 |      0 |    0 |   0 |  0 |    0 |   0 |       0 | PLL_40M_Inst/inst/clk_out2 |
| g1        | n/a   | BUFG/O          | None       |         187 |               0 | 187 |      0 |    0 |   0 |  0 |    0 |   0 |       0 | Clk_Out_2_All              |
| g5        | n/a   | BUFG/O          | None       |           1 |               0 |   0 |      0 |    0 |   0 |  0 |    0 |   0 |       0 | n_0_4536_BUFG              |
+-----------+-------+-----------------+------------+-------------+-----------------+-----+--------+------+-----+----+------+-----+---------+----------------------------+
* Clock Loads column represents the clock pin loads (pin count)
** Non-Clock Loads column represents the non-clock pin loads (pin count)
*** Columns FF, LUTRAM, RAMB through 'Hard IP' represents load cell counts


17. Clock Region Cell Placement per Global Clock: Region X1Y2
-------------------------------------------------------------

+-----------+-------+-----------------+------------+-------------+-----------------+----+--------+------+-----+----+------+-----+---------+----------------------------+
| Global Id | Track | Driver Type/Pin | Constraint | Clock Loads | Non-Clock Loads | FF | LUTRAM | RAMB | DSP | GT | MMCM | PLL | Hard IP | Net                        |
+-----------+-------+-----------------+------------+-------------+-----------------+----+--------+------+-----+----+------+-----+---------+----------------------------+
| g0        | n/a   | BUFG/O          | None       |           1 |               0 |  0 |      0 |    0 |   0 |  0 |    0 |   0 |       0 | PLL_40M_Inst/inst/clk_out2 |
| g3        | n/a   | BUFG/O          | None       |           1 |               0 |  0 |      0 |    0 |   0 |  0 |    0 |   0 |       0 | PLL_40M_Inst/inst/clk_out1 |
+-----------+-------+-----------------+------------+-------------+-----------------+----+--------+------+-----+----+------+-----+---------+----------------------------+
* Clock Loads column represents the clock pin loads (pin count)
** Non-Clock Loads column represents the non-clock pin loads (pin count)
*** Columns FF, LUTRAM, RAMB through 'Hard IP' represents load cell counts



# Location of BUFG Primitives 
set_property LOC BUFGCTRL_X0Y4 [get_cells n_0_4536_BUFG_inst]
set_property LOC BUFGCTRL_X0Y5 [get_cells PLL_40M_Inst/inst/clkf_buf]
set_property LOC BUFGCTRL_X0Y0 [get_cells PLL_40M_Inst/inst/clkout2_buf]
set_property LOC BUFGCTRL_X0Y1 [get_cells PLL_40M_Inst/inst/clkout1_buf]
set_property LOC BUFGCTRL_X0Y2 [get_cells BUFG_inst]
set_property LOC BUFGCTRL_X0Y3 [get_cells Auto_TA_Scan_Inst/SKIROC_Auto_TA_Inst_Chip4/wr_clk_BUFG_inst]

# Location of IO Primitives which is load of clock spine
set_property LOC IOB_X1Y94 [get_cells OBUF_inst]

# Location of clock ports
set_property LOC IOB_X0Y78 [get_ports Clk_In]

# Clock net "n_0_4536_BUFG" driven by instance "n_0_4536_BUFG_inst" located at site "BUFGCTRL_X0Y4"
#startgroup
create_pblock {CLKAG_n_0_4536_BUFG}
add_cells_to_pblock [get_pblocks  {CLKAG_n_0_4536_BUFG}] [get_cells -filter { PRIMITIVE_GROUP != I/O && IS_PRIMITIVE==1 && PRIMITIVE_LEVEL !=INTERNAL } -of_object [get_pins -filter {DIRECTION==IN} -of_objects [get_nets -hierarchical -filter {PARENT=="n_0_4536_BUFG"}]]]
resize_pblock [get_pblocks {CLKAG_n_0_4536_BUFG}] -add {CLOCKREGION_X0Y1:CLOCKREGION_X0Y1 CLOCKREGION_X0Y2:CLOCKREGION_X0Y2}
#endgroup

# Clock net "PLL_40M_Inst/inst/clk_out2" driven by instance "PLL_40M_Inst/inst/clkout2_buf" located at site "BUFGCTRL_X0Y0"
#startgroup
create_pblock {CLKAG_PLL_40M_Inst/inst/clk_out2}
add_cells_to_pblock [get_pblocks  {CLKAG_PLL_40M_Inst/inst/clk_out2}] [get_cells -filter { PRIMITIVE_GROUP != I/O && IS_PRIMITIVE==1 && PRIMITIVE_LEVEL !=INTERNAL } -of_object [get_pins -filter {DIRECTION==IN} -of_objects [get_nets -hierarchical -filter {PARENT=="PLL_40M_Inst/inst/clk_out2"}]]]
resize_pblock [get_pblocks {CLKAG_PLL_40M_Inst/inst/clk_out2}] -add {CLOCKREGION_X0Y0:CLOCKREGION_X0Y0 CLOCKREGION_X0Y1:CLOCKREGION_X0Y1 CLOCKREGION_X0Y2:CLOCKREGION_X0Y2 CLOCKREGION_X1Y0:CLOCKREGION_X1Y0 CLOCKREGION_X1Y1:CLOCKREGION_X1Y1 CLOCKREGION_X1Y2:CLOCKREGION_X1Y2}
#endgroup

# Clock net "PLL_40M_Inst/inst/clk_out1" driven by instance "PLL_40M_Inst/inst/clkout1_buf" located at site "BUFGCTRL_X0Y1"
#startgroup
create_pblock {CLKAG_PLL_40M_Inst/inst/clk_out1}
add_cells_to_pblock [get_pblocks  {CLKAG_PLL_40M_Inst/inst/clk_out1}] [get_cells -filter { PRIMITIVE_GROUP != I/O && IS_PRIMITIVE==1 && PRIMITIVE_LEVEL !=INTERNAL && NAME!=OBUF_inst} -of_object [get_pins -filter {DIRECTION==IN} -of_objects [get_nets -hierarchical -filter {PARENT=="PLL_40M_Inst/inst/clk_out1"}]]]
resize_pblock [get_pblocks {CLKAG_PLL_40M_Inst/inst/clk_out1}] -add {CLOCKREGION_X0Y1:CLOCKREGION_X0Y1 CLOCKREGION_X1Y1:CLOCKREGION_X1Y1 CLOCKREGION_X1Y2:CLOCKREGION_X1Y2}
#endgroup

# Clock net "Clk_Out_2_All" driven by instance "BUFG_inst" located at site "BUFGCTRL_X0Y2"
#startgroup
create_pblock {CLKAG_Clk_Out_2_All}
add_cells_to_pblock [get_pblocks  {CLKAG_Clk_Out_2_All}] [get_cells -filter { PRIMITIVE_GROUP != I/O && IS_PRIMITIVE==1 && PRIMITIVE_LEVEL !=INTERNAL && NAME!=PLL_40M_Inst/inst/plle2_adv_inst} -of_object [get_pins -filter {DIRECTION==IN} -of_objects [get_nets -hierarchical -filter {PARENT=="Clk_Out_2_All"}]]]
resize_pblock [get_pblocks {CLKAG_Clk_Out_2_All}] -add {CLOCKREGION_X0Y1:CLOCKREGION_X0Y1 CLOCKREGION_X0Y2:CLOCKREGION_X0Y2 CLOCKREGION_X1Y1:CLOCKREGION_X1Y1}
#endgroup

# Clock net "Auto_TA_Scan_Inst/SKIROC_Auto_TA_Inst_Chip4/wr_clk_BUFG" driven by instance "Auto_TA_Scan_Inst/SKIROC_Auto_TA_Inst_Chip4/wr_clk_BUFG_inst" located at site "BUFGCTRL_X0Y3"
#startgroup
create_pblock {CLKAG_Auto_TA_Scan_Inst/SKIROC_Auto_TA_Inst_Chip4/wr_clk_BUFG}
add_cells_to_pblock [get_pblocks  {CLKAG_Auto_TA_Scan_Inst/SKIROC_Auto_TA_Inst_Chip4/wr_clk_BUFG}] [get_cells -filter { PRIMITIVE_GROUP != I/O && IS_PRIMITIVE==1 && PRIMITIVE_LEVEL !=INTERNAL } -of_object [get_pins -filter {DIRECTION==IN} -of_objects [get_nets -hierarchical -filter {PARENT=="Auto_TA_Scan_Inst/SKIROC_Auto_TA_Inst_Chip4/wr_clk_BUFG"}]]]
resize_pblock [get_pblocks {CLKAG_Auto_TA_Scan_Inst/SKIROC_Auto_TA_Inst_Chip4/wr_clk_BUFG}] -add {CLOCKREGION_X0Y1:CLOCKREGION_X0Y1}
#endgroup
