#-----------------------------------------------------------
# Vivado v2017.1 (64-bit)
# SW Build 1846317 on Fri Apr 14 18:55:03 MDT 2017
# IP Build 1846188 on Fri Apr 14 20:52:08 MDT 2017
# Start of session at: Wed Sep  6 14:34:31 2017
# Process ID: 8140
# Current directory: E:/Work_File/CEPC/Logic/DIF-Logic/ECAL_DIF
# Command line: vivado.exe -gui_launcher_event rodinguilauncherevent8312 E:\Work_File\CEPC\Logic\DIF-Logic\ECAL_DIF\ECAL_DIF.xpr
# Log file: E:/Work_File/CEPC/Logic/DIF-Logic/ECAL_DIF/vivado.log
# Journal file: E:/Work_File/CEPC/Logic/DIF-Logic/ECAL_DIF\vivado.jou
#-----------------------------------------------------------
start_gui
open_project E:/Work_File/CEPC/Logic/DIF-Logic/ECAL_DIF/ECAL_DIF.xpr
Scanning sources...
Finished scanning sources
INFO: [IP_Flow 19-234] Refreshing IP repositories
INFO: [IP_Flow 19-1704] No user IP repositories specified
INFO: [IP_Flow 19-2313] Loaded Vivado IP repository 'C:/Xilinx/Vivado/2017.1/data/ip'.
update_compile_order -fileset sources_1
update_compile_order -fileset sources_1
update_compile_order -fileset sources_1
exit
INFO: [Common 17-206] Exiting Vivado at Wed Sep  6 17:56:13 2017...
