
*** Running vivado
    with args -log fifo_generator_0.vds -m64 -product Vivado -mode batch -messageDb vivado.pb -notrace -source fifo_generator_0.tcl


****** Vivado v2017.1 (64-bit)
  **** SW Build 1846317 on Fri Apr 14 18:55:03 MDT 2017
  **** IP Build 1846188 on Fri Apr 14 20:52:08 MDT 2017
    ** Copyright 1986-2017 Xilinx, Inc. All Rights Reserved.

source fifo_generator_0.tcl -notrace
Starting RTL Elaboration : Time (s): cpu = 00:00:06 ; elapsed = 00:00:06 . Memory (MB): peak = 373.977 ; gain = 83.313
INFO: [Synth 8-638] synthesizing module 'fifo_generator_0' [e:/Work_File/CEPC/Logic/DIF-Logic/ECAL_DIF/ECAL_DIF.srcs/sources_1/ip/fifo_generator_0/synth/fifo_generator_0.vhd:72]
INFO: [Synth 8-256] done synthesizing module 'fifo_generator_0' (25#1) [e:/Work_File/CEPC/Logic/DIF-Logic/ECAL_DIF/ECAL_DIF.srcs/sources_1/ip/fifo_generator_0/synth/fifo_generator_0.vhd:72]
Finished RTL Elaboration : Time (s): cpu = 00:00:53 ; elapsed = 00:00:53 . Memory (MB): peak = 592.699 ; gain = 302.035
Finished RTL Optimization Phase 1 : Time (s): cpu = 00:00:53 ; elapsed = 00:00:54 . Memory (MB): peak = 592.699 ; gain = 302.035
INFO: [Device 21-403] Loading part xc7a100tfgg484-2
Constraint Validation Runtime : Time (s): cpu = 00:00:00 ; elapsed = 00:00:00.076 . Memory (MB): peak = 694.602 ; gain = 0.000
Finished Constraint Validation : Time (s): cpu = 00:01:04 ; elapsed = 00:01:08 . Memory (MB): peak = 694.602 ; gain = 403.938
Finished Loading Part and Timing Information : Time (s): cpu = 00:01:04 ; elapsed = 00:01:08 . Memory (MB): peak = 694.602 ; gain = 403.938
Finished applying 'set_property' XDC Constraints : Time (s): cpu = 00:01:04 ; elapsed = 00:01:08 . Memory (MB): peak = 694.602 ; gain = 403.938
Finished RTL Optimization Phase 2 : Time (s): cpu = 00:01:04 ; elapsed = 00:01:09 . Memory (MB): peak = 694.602 ; gain = 403.938
Finished Cross Boundary and Area Optimization : Time (s): cpu = 00:01:05 ; elapsed = 00:01:10 . Memory (MB): peak = 694.602 ; gain = 403.938
Finished Applying XDC Timing Constraints : Time (s): cpu = 00:01:16 ; elapsed = 00:01:21 . Memory (MB): peak = 694.602 ; gain = 403.938
Finished Timing Optimization : Time (s): cpu = 00:01:16 ; elapsed = 00:01:21 . Memory (MB): peak = 694.602 ; gain = 403.938
Finished Technology Mapping : Time (s): cpu = 00:01:16 ; elapsed = 00:01:21 . Memory (MB): peak = 705.707 ; gain = 415.043
Finished IO Insertion : Time (s): cpu = 00:01:16 ; elapsed = 00:01:21 . Memory (MB): peak = 705.707 ; gain = 415.043
Finished Renaming Generated Instances : Time (s): cpu = 00:01:16 ; elapsed = 00:01:21 . Memory (MB): peak = 705.707 ; gain = 415.043
Finished Rebuilding User Hierarchy : Time (s): cpu = 00:01:16 ; elapsed = 00:01:21 . Memory (MB): peak = 705.707 ; gain = 415.043
Finished Renaming Generated Ports : Time (s): cpu = 00:01:16 ; elapsed = 00:01:22 . Memory (MB): peak = 705.707 ; gain = 415.043
Finished Handling Custom Attributes : Time (s): cpu = 00:01:16 ; elapsed = 00:01:22 . Memory (MB): peak = 705.707 ; gain = 415.043
Finished Renaming Generated Nets : Time (s): cpu = 00:01:16 ; elapsed = 00:01:22 . Memory (MB): peak = 705.707 ; gain = 415.043

Report Cell Usage: 
+------+---------+------+
|      |Cell     |Count |
+------+---------+------+
|1     |LUT1     |     4|
|2     |LUT2     |    10|
|3     |LUT3     |     5|
|4     |LUT4     |    24|
|5     |LUT5     |     4|
|6     |LUT6     |     6|
|7     |MUXCY    |    20|
|8     |RAMB18E1 |     1|
|9     |FDCE     |    38|
|10    |FDPE     |    21|
|11    |FDRE     |     4|
+------+---------+------+
Finished Writing Synthesis Report : Time (s): cpu = 00:01:16 ; elapsed = 00:01:22 . Memory (MB): peak = 705.707 ; gain = 415.043
synth_design: Time (s): cpu = 00:01:18 ; elapsed = 00:01:24 . Memory (MB): peak = 710.125 ; gain = 424.637
