Copyright 1986-2017 Xilinx, Inc. All Rights Reserved.
-------------------------------------------------------------------------------------------------------------------------
| Tool Version : Vivado v.2017.1 (win64) Build 1846317 Fri Apr 14 18:55:03 MDT 2017
| Date         : Mon Sep 11 18:50:48 2017
| Host         : Msy-PC running 64-bit Service Pack 1  (build 7601)
| Command      : report_methodology -file Top_Level_methodology_drc_routed.rpt -rpx Top_Level_methodology_drc_routed.rpx
| Design       : Top_Level
| Device       : xc7a100tfgg484-2
| Speed File   : -2
| Design State : Routed
-------------------------------------------------------------------------------------------------------------------------

Report Methodology

Table of Contents
-----------------
1. REPORT SUMMARY
2. REPORT DETAILS

1. REPORT SUMMARY
-----------------
            Netlist: netlist
          Floorplan: design_1
      Design limits: <entire design considered>
             Max violations: <unlimited>
             Violations found: 48
+-----------+----------+-------------------------------+------------+
| Rule      | Severity | Description                   | Violations |
+-----------+----------+-------------------------------+------------+
| TIMING-18 | Warning  | Missing input or output delay | 48         |
+-----------+----------+-------------------------------+------------+

2. REPORT DETAILS
-----------------
TIMING-18#1 Warning
Missing input or output delay  
An input delay is missing on Rst_n relative to clock(s) Clk_In 
Related violations: <none>

TIMING-18#2 Warning
Missing input or output delay  
An input delay is missing on Usb_Fdata[0] relative to clock(s) Clk_In 
Related violations: <none>

TIMING-18#3 Warning
Missing input or output delay  
An input delay is missing on Usb_Fdata[10] relative to clock(s) Clk_In 
Related violations: <none>

TIMING-18#4 Warning
Missing input or output delay  
An input delay is missing on Usb_Fdata[11] relative to clock(s) Clk_In 
Related violations: <none>

TIMING-18#5 Warning
Missing input or output delay  
An input delay is missing on Usb_Fdata[12] relative to clock(s) Clk_In 
Related violations: <none>

TIMING-18#6 Warning
Missing input or output delay  
An input delay is missing on Usb_Fdata[13] relative to clock(s) Clk_In 
Related violations: <none>

TIMING-18#7 Warning
Missing input or output delay  
An input delay is missing on Usb_Fdata[14] relative to clock(s) Clk_In 
Related violations: <none>

TIMING-18#8 Warning
Missing input or output delay  
An input delay is missing on Usb_Fdata[15] relative to clock(s) Clk_In 
Related violations: <none>

TIMING-18#9 Warning
Missing input or output delay  
An input delay is missing on Usb_Fdata[1] relative to clock(s) Clk_In 
Related violations: <none>

TIMING-18#10 Warning
Missing input or output delay  
An input delay is missing on Usb_Fdata[2] relative to clock(s) Clk_In 
Related violations: <none>

TIMING-18#11 Warning
Missing input or output delay  
An input delay is missing on Usb_Fdata[3] relative to clock(s) Clk_In 
Related violations: <none>

TIMING-18#12 Warning
Missing input or output delay  
An input delay is missing on Usb_Fdata[4] relative to clock(s) Clk_In 
Related violations: <none>

TIMING-18#13 Warning
Missing input or output delay  
An input delay is missing on Usb_Fdata[5] relative to clock(s) Clk_In 
Related violations: <none>

TIMING-18#14 Warning
Missing input or output delay  
An input delay is missing on Usb_Fdata[6] relative to clock(s) Clk_In 
Related violations: <none>

TIMING-18#15 Warning
Missing input or output delay  
An input delay is missing on Usb_Fdata[7] relative to clock(s) Clk_In 
Related violations: <none>

TIMING-18#16 Warning
Missing input or output delay  
An input delay is missing on Usb_Fdata[8] relative to clock(s) Clk_In 
Related violations: <none>

TIMING-18#17 Warning
Missing input or output delay  
An input delay is missing on Usb_Fdata[9] relative to clock(s) Clk_In 
Related violations: <none>

TIMING-18#18 Warning
Missing input or output delay  
An input delay is missing on Usb_Flagb relative to clock(s) Clk_In 
Related violations: <none>

TIMING-18#19 Warning
Missing input or output delay  
An input delay is missing on Usb_Flagc relative to clock(s) Clk_In 
Related violations: <none>

TIMING-18#20 Warning
Missing input or output delay  
An output delay is missing on LED[1] relative to clock(s) Clk_In 
Related violations: <none>

TIMING-18#21 Warning
Missing input or output delay  
An output delay is missing on LED[2] relative to clock(s) Clk_In 
Related violations: <none>

TIMING-18#22 Warning
Missing input or output delay  
An output delay is missing on LED[3] relative to clock(s) Clk_In 
Related violations: <none>

TIMING-18#23 Warning
Missing input or output delay  
An output delay is missing on LED[4] relative to clock(s) Clk_In 
Related violations: <none>

TIMING-18#24 Warning
Missing input or output delay  
An output delay is missing on LED[5] relative to clock(s) Clk_In 
Related violations: <none>

TIMING-18#25 Warning
Missing input or output delay  
An output delay is missing on LED[6] relative to clock(s) Clk_In 
Related violations: <none>

TIMING-18#26 Warning
Missing input or output delay  
An output delay is missing on LED[7] relative to clock(s) Clk_In 
Related violations: <none>

TIMING-18#27 Warning
Missing input or output delay  
An output delay is missing on LED[8] relative to clock(s) Clk_In 
Related violations: <none>

TIMING-18#28 Warning
Missing input or output delay  
An output delay is missing on Out_Ck_40N relative to clock(s) VIRTUAL_clk_out1_PLL_40M 
Related violations: <none>

TIMING-18#29 Warning
Missing input or output delay  
An output delay is missing on Out_Ck_40P relative to clock(s) VIRTUAL_clk_out1_PLL_40M 
Related violations: <none>

TIMING-18#30 Warning
Missing input or output delay  
An output delay is missing on Out_Ck_5N relative to clock(s) VIRTUAL_clk_out2_PLL_40M 
Related violations: <none>

TIMING-18#31 Warning
Missing input or output delay  
An output delay is missing on Out_Ck_5P relative to clock(s) VIRTUAL_clk_out2_PLL_40M 
Related violations: <none>

TIMING-18#32 Warning
Missing input or output delay  
An output delay is missing on Out_Hold relative to clock(s) Clk_In 
Related violations: <none>

TIMING-18#33 Warning
Missing input or output delay  
An output delay is missing on Out_Pwr_On_A relative to clock(s) Clk_In 
Related violations: <none>

TIMING-18#34 Warning
Missing input or output delay  
An output delay is missing on Out_Pwr_On_Adc relative to clock(s) Clk_In 
Related violations: <none>

TIMING-18#35 Warning
Missing input or output delay  
An output delay is missing on Out_Pwr_On_D relative to clock(s) Clk_In 
Related violations: <none>

TIMING-18#36 Warning
Missing input or output delay  
An output delay is missing on Out_Raz_Chn_N relative to clock(s) Clk_In 
Related violations: <none>

TIMING-18#37 Warning
Missing input or output delay  
An output delay is missing on Out_Raz_Chn_P relative to clock(s) Clk_In 
Related violations: <none>

TIMING-18#38 Warning
Missing input or output delay  
An output delay is missing on Out_Resetb relative to clock(s) Clk_In 
Related violations: <none>

TIMING-18#39 Warning
Missing input or output delay  
An output delay is missing on Out_Rstb_Pa relative to clock(s) Clk_In 
Related violations: <none>

TIMING-18#40 Warning
Missing input or output delay  
An output delay is missing on Out_Select relative to clock(s) Clk_In 
Related violations: <none>

TIMING-18#41 Warning
Missing input or output delay  
An output delay is missing on Out_Trig_Ext_N relative to clock(s) Clk_In 
Related violations: <none>

TIMING-18#42 Warning
Missing input or output delay  
An output delay is missing on Out_Trig_Ext_P relative to clock(s) Clk_In 
Related violations: <none>

TIMING-18#43 Warning
Missing input or output delay  
An output delay is missing on Usb_Faddr[0] relative to clock(s) Clk_In 
Related violations: <none>

TIMING-18#44 Warning
Missing input or output delay  
An output delay is missing on Usb_Faddr[1] relative to clock(s) Clk_In 
Related violations: <none>

TIMING-18#45 Warning
Missing input or output delay  
An output delay is missing on Usb_Pktend relative to clock(s) Clk_In 
Related violations: <none>

TIMING-18#46 Warning
Missing input or output delay  
An output delay is missing on Usb_Sloe relative to clock(s) Clk_In 
Related violations: <none>

TIMING-18#47 Warning
Missing input or output delay  
An output delay is missing on Usb_Slrd relative to clock(s) Clk_In 
Related violations: <none>

TIMING-18#48 Warning
Missing input or output delay  
An output delay is missing on Usb_Slwr relative to clock(s) Clk_In 
Related violations: <none>


